<?xml version="1.0" encoding="UTF-8"?>
<coverage generated="1517358302">
  <project timestamp="1517358302">
    <package name="TicTacToe\Controller">
      <file name="/Users/renato/Projetos/VazarDoPais/Tests/TicTacToe/src/Controller/ApiController.php">
        <class name="TicTacToe\Controller\ApiController" namespace="TicTacToe\Controller" fullPackage="TicTacToe" package="TicTacToe">
          <metrics complexity="2" methods="1" coveredmethods="1" conditionals="0" coveredconditionals="0" statements="4" coveredstatements="4" elements="5" coveredelements="5"/>
        </class>
        <line num="31" type="method" name="moveAction" visibility="public" complexity="2" crap="2" count="2"/>
        <line num="33" type="stmt" count="2"/>
        <line num="34" type="stmt" count="1"/>
        <line num="36" type="stmt" count="1"/>
        <line num="37" type="stmt" count="1"/>
        <metrics loc="39" ncloc="23" classes="1" methods="1" coveredmethods="1" conditionals="0" coveredconditionals="0" statements="4" coveredstatements="4" elements="5" coveredelements="5"/>
      </file>
      <file name="/Users/renato/Projetos/VazarDoPais/Tests/TicTacToe/src/Controller/IndexController.php">
        <class name="TicTacToe\Controller\IndexController" namespace="TicTacToe\Controller" fullPackage="TicTacToe" package="TicTacToe">
          <metrics complexity="1" methods="1" coveredmethods="0" conditionals="0" coveredconditionals="0" statements="1" coveredstatements="0" elements="2" coveredelements="0"/>
        </class>
        <line num="23" type="method" name="indexAction" visibility="public" complexity="1" crap="2" count="0"/>
        <line num="25" type="stmt" count="0"/>
        <metrics loc="27" ncloc="16" classes="1" methods="1" coveredmethods="0" conditionals="0" coveredconditionals="0" statements="1" coveredstatements="0" elements="2" coveredelements="0"/>
      </file>
    </package>
    <package name="TicTacToe\Entity">
      <file name="/Users/renato/Projetos/VazarDoPais/Tests/TicTacToe/src/Entity/Board.php">
        <class name="TicTacToe\Entity\Board" namespace="TicTacToe\Entity" fullPackage="TicTacToe" package="TicTacToe">
          <metrics complexity="7" methods="5" coveredmethods="3" conditionals="0" coveredconditionals="0" statements="9" coveredstatements="5" elements="14" coveredelements="8"/>
        </class>
        <line num="30" type="method" name="__construct" visibility="public" complexity="3" crap="3" count="2"/>
        <line num="32" type="stmt" count="2"/>
        <line num="33" type="stmt" count="2"/>
        <line num="36" type="stmt" count="2"/>
        <line num="42" type="method" name="getMoves" visibility="public" complexity="1" crap="1" count="2"/>
        <line num="44" type="stmt" count="2"/>
        <line num="52" type="method" name="addMove" visibility="public" complexity="1" crap="2" count="0"/>
        <line num="54" type="stmt" count="0"/>
        <line num="55" type="stmt" count="0"/>
        <line num="61" type="method" name="setCompleted" visibility="public" complexity="1" crap="2" count="0"/>
        <line num="63" type="stmt" count="0"/>
        <line num="64" type="stmt" count="0"/>
        <line num="70" type="method" name="isCompleted" visibility="public" complexity="1" crap="1" count="1"/>
        <line num="72" type="stmt" count="1"/>
        <metrics loc="74" ncloc="43" classes="1" methods="5" coveredmethods="3" conditionals="0" coveredconditionals="0" statements="9" coveredstatements="5" elements="14" coveredelements="8"/>
      </file>
      <file name="/Users/renato/Projetos/VazarDoPais/Tests/TicTacToe/src/Entity/Game.php">
        <class name="TicTacToe\Entity\Game" namespace="TicTacToe\Entity" fullPackage="TicTacToe" package="TicTacToe">
          <metrics complexity="13" methods="13" coveredmethods="9" conditionals="0" coveredconditionals="0" statements="20" coveredstatements="12" elements="33" coveredelements="21"/>
        </class>
        <line num="51" type="method" name="getPlayerUnit" visibility="public" complexity="1" crap="1" count="1"/>
        <line num="53" type="stmt" count="1"/>
        <line num="61" type="method" name="setPlayerUnit" visibility="public" complexity="1" crap="1" count="1"/>
        <line num="63" type="stmt" count="1"/>
        <line num="65" type="stmt" count="1"/>
        <line num="71" type="method" name="isTied" visibility="public" complexity="1" crap="1" count="1"/>
        <line num="73" type="stmt" count="1"/>
        <line num="79" type="method" name="setTied" visibility="public" complexity="1" crap="2" count="0"/>
        <line num="81" type="stmt" count="0"/>
        <line num="83" type="stmt" count="0"/>
        <line num="89" type="method" name="isBotWinner" visibility="public" complexity="1" crap="1" count="1"/>
        <line num="91" type="stmt" count="1"/>
        <line num="97" type="method" name="setBotWinner" visibility="public" complexity="1" crap="2" count="0"/>
        <line num="99" type="stmt" count="0"/>
        <line num="101" type="stmt" count="0"/>
        <line num="107" type="method" name="isPlayerWinner" visibility="public" complexity="1" crap="1" count="1"/>
        <line num="109" type="stmt" count="1"/>
        <line num="115" type="method" name="setPlayerWinner" visibility="public" complexity="1" crap="2" count="0"/>
        <line num="117" type="stmt" count="0"/>
        <line num="119" type="stmt" count="0"/>
        <line num="127" type="method" name="setBoardState" visibility="public" complexity="1" crap="1" count="1"/>
        <line num="129" type="stmt" count="1"/>
        <line num="131" type="stmt" count="1"/>
        <line num="137" type="method" name="getNextMove" visibility="public" complexity="1" crap="1" count="1"/>
        <line num="139" type="stmt" count="1"/>
        <line num="147" type="method" name="setNextMove" visibility="public" complexity="1" crap="1" count="1"/>
        <line num="149" type="stmt" count="1"/>
        <line num="151" type="stmt" count="1"/>
        <line num="157" type="method" name="getWinnerMoves" visibility="public" complexity="1" crap="1" count="1"/>
        <line num="159" type="stmt" count="1"/>
        <line num="167" type="method" name="setWinnerMoves" visibility="public" complexity="1" crap="2" count="0"/>
        <line num="169" type="stmt" count="0"/>
        <line num="171" type="stmt" count="0"/>
        <metrics loc="173" ncloc="99" classes="1" methods="13" coveredmethods="9" conditionals="0" coveredconditionals="0" statements="20" coveredstatements="12" elements="33" coveredelements="21"/>
      </file>
      <file name="/Users/renato/Projetos/VazarDoPais/Tests/TicTacToe/src/Entity/Move.php">
        <class name="TicTacToe\Entity\Move" namespace="TicTacToe\Entity" fullPackage="TicTacToe" package="TicTacToe">
          <metrics complexity="14" methods="7" coveredmethods="6" conditionals="0" coveredconditionals="0" statements="16" coveredstatements="15" elements="23" coveredelements="21"/>
        </class>
        <line num="35" type="method" name="__construct" visibility="public" complexity="7" crap="7.14" count="2"/>
        <line num="37" type="stmt" count="2"/>
        <line num="38" type="stmt" count="1"/>
        <line num="41" type="stmt" count="2"/>
        <line num="42" type="stmt" count="1"/>
        <line num="45" type="stmt" count="2"/>
        <line num="46" type="stmt" count="0"/>
        <line num="48" type="stmt" count="2"/>
        <line num="53" type="method" name="getCoordY" visibility="public" complexity="1" crap="1" count="1"/>
        <line num="55" type="stmt" count="1"/>
        <line num="63" type="method" name="setCoordY" visibility="public" complexity="1" crap="1" count="2"/>
        <line num="65" type="stmt" count="2"/>
        <line num="67" type="stmt" count="2"/>
        <line num="73" type="method" name="getCoordX" visibility="public" complexity="1" crap="1" count="1"/>
        <line num="75" type="stmt" count="1"/>
        <line num="83" type="method" name="setCoordX" visibility="public" complexity="1" crap="1" count="2"/>
        <line num="85" type="stmt" count="2"/>
        <line num="87" type="stmt" count="2"/>
        <line num="93" type="method" name="getUnit" visibility="public" complexity="2" crap="2" count="2"/>
        <line num="95" type="stmt" count="2"/>
        <line num="103" type="method" name="setUnit" visibility="public" complexity="1" crap="1" count="2"/>
        <line num="105" type="stmt" count="2"/>
        <line num="107" type="stmt" count="2"/>
        <metrics loc="109" ncloc="63" classes="1" methods="7" coveredmethods="6" conditionals="0" coveredconditionals="0" statements="16" coveredstatements="15" elements="23" coveredelements="21"/>
      </file>
    </package>
    <package name="TicTacToe\EventListener">
      <file name="/Users/renato/Projetos/VazarDoPais/Tests/TicTacToe/src/EventListener/ExceptionSubscriber.php">
        <class name="TicTacToe\EventListener\ExceptionSubscriber" namespace="TicTacToe\EventListener" fullPackage="TicTacToe" package="TicTacToe">
          <metrics complexity="4" methods="2" coveredmethods="1" conditionals="0" coveredconditionals="0" statements="11" coveredstatements="8" elements="13" coveredelements="9"/>
        </class>
        <line num="24" type="method" name="onKernelException" visibility="public" complexity="3" crap="3.24" count="1"/>
        <line num="26" type="stmt" count="1"/>
        <line num="29" type="stmt" count="1"/>
        <line num="32" type="stmt" count="1"/>
        <line num="33" type="stmt" count="0"/>
        <line num="34" type="stmt" count="0"/>
        <line num="35" type="stmt" count="0"/>
        <line num="38" type="stmt" count="1"/>
        <line num="41" type="stmt" count="1"/>
        <line num="42" type="stmt" count="1"/>
        <line num="43" type="stmt" count="1"/>
        <line num="48" type="method" name="getSubscribedEvents" visibility="public" complexity="1" crap="1" count="1"/>
        <line num="51" type="stmt" count="1"/>
        <metrics loc="54" ncloc="42" classes="1" methods="2" coveredmethods="1" conditionals="0" coveredconditionals="0" statements="11" coveredstatements="8" elements="13" coveredelements="9"/>
      </file>
    </package>
    <package name="TicTacToe\Exception">
      <file name="/Users/renato/Projetos/VazarDoPais/Tests/TicTacToe/src/Exception/EmptyAvailableMovesException.php">
        <class name="TicTacToe\Exception\EmptyAvailableMovesException" namespace="TicTacToe\Exception" fullPackage="TicTacToe" package="TicTacToe">
          <metrics complexity="1" methods="1" coveredmethods="0" conditionals="0" coveredconditionals="0" statements="2" coveredstatements="0" elements="3" coveredelements="0"/>
        </class>
        <line num="16" type="method" name="__construct" visibility="public" complexity="1" crap="2" count="0"/>
        <line num="18" type="stmt" count="0"/>
        <line num="19" type="stmt" count="0"/>
        <metrics loc="20" ncloc="11" classes="1" methods="1" coveredmethods="0" conditionals="0" coveredconditionals="0" statements="2" coveredstatements="0" elements="3" coveredelements="0"/>
      </file>
      <file name="/Users/renato/Projetos/VazarDoPais/Tests/TicTacToe/src/Exception/EndedGameException.php">
        <class name="TicTacToe\Exception\EndedGameException" namespace="TicTacToe\Exception">
          <metrics complexity="0" methods="0" coveredmethods="0" conditionals="0" coveredconditionals="0" statements="0" coveredstatements="0" elements="0" coveredelements="0"/>
        </class>
        <metrics loc="7" ncloc="7" classes="0" methods="0" coveredmethods="0" conditionals="0" coveredconditionals="0" statements="0" coveredstatements="0" elements="0" coveredelements="0"/>
      </file>
      <file name="/Users/renato/Projetos/VazarDoPais/Tests/TicTacToe/src/Exception/InvalidRequestException.php">
        <class name="TicTacToe\Exception\InvalidRequestException" namespace="TicTacToe\Exception" fullPackage="TicTacToe" package="TicTacToe">
          <metrics complexity="1" methods="1" coveredmethods="1" conditionals="0" coveredconditionals="0" statements="2" coveredstatements="2" elements="3" coveredelements="3"/>
        </class>
        <line num="20" type="method" name="__construct" visibility="public" complexity="1" crap="1" count="1"/>
        <line num="22" type="stmt" count="1"/>
        <line num="23" type="stmt" count="1"/>
        <metrics loc="24" ncloc="13" classes="1" methods="1" coveredmethods="1" conditionals="0" coveredconditionals="0" statements="2" coveredstatements="2" elements="3" coveredelements="3"/>
      </file>
    </package>
    <package name="TicTacToe\Factory">
      <file name="/Users/renato/Projetos/VazarDoPais/Tests/TicTacToe/src/Factory/BoardFactory.php">
        <class name="TicTacToe\Factory\BoardFactory" namespace="TicTacToe\Factory" fullPackage="TicTacToe" package="TicTacToe">
          <metrics complexity="11" methods="4" coveredmethods="2" conditionals="0" coveredconditionals="0" statements="19" coveredstatements="14" elements="23" coveredelements="16"/>
        </class>
        <line num="22" type="method" name="createBoard" visibility="public" complexity="2" crap="2.03" count="2"/>
        <line num="24" type="stmt" count="2"/>
        <line num="26" type="stmt" count="2"/>
        <line num="28" type="stmt" count="2"/>
        <line num="29" type="stmt" count="0"/>
        <line num="32" type="stmt" count="2"/>
        <line num="40" type="method" name="getAllEmptyMovesFromBoard" visibility="public" complexity="3" crap="3" count="2"/>
        <line num="45" type="stmt" count="2"/>
        <line num="47" type="stmt" count="2"/>
        <line num="48" type="stmt" count="2"/>
        <line num="49" type="stmt" count="2"/>
        <line num="53" type="stmt" count="2"/>
        <line num="62" type="method" name="getBoardMovesGroupedByUnit" visibility="public" complexity="4" crap="4" count="1"/>
        <line num="67" type="stmt" count="1"/>
        <line num="69" type="stmt" count="1"/>
        <line num="70" type="stmt" count="1"/>
        <line num="71" type="stmt" count="1"/>
        <line num="75" type="stmt" count="1"/>
        <line num="78" type="method" name="updateBoard" visibility="public" complexity="2" crap="6" count="0"/>
        <line num="80" type="stmt" count="0"/>
        <line num="82" type="stmt" count="0"/>
        <line num="83" type="stmt" count="0"/>
        <line num="85" type="stmt" count="0"/>
        <metrics loc="86" ncloc="58" classes="1" methods="4" coveredmethods="2" conditionals="0" coveredconditionals="0" statements="19" coveredstatements="14" elements="23" coveredelements="16"/>
      </file>
      <file name="/Users/renato/Projetos/VazarDoPais/Tests/TicTacToe/src/Factory/GameFactory.php">
        <class name="TicTacToe\Factory\GameFactory" namespace="TicTacToe\Factory" fullPackage="TicTacToe" package="TicTacToe">
          <metrics complexity="10" methods="1" coveredmethods="0" conditionals="0" coveredconditionals="0" statements="13" coveredstatements="10" elements="14" coveredelements="10"/>
        </class>
        <line num="25" type="method" name="createGame" visibility="public" complexity="10" crap="11.23" count="1"/>
        <line num="31" type="stmt" count="1"/>
        <line num="32" type="stmt" count="1"/>
        <line num="34" type="stmt" count="1"/>
        <line num="35" type="stmt" count="1"/>
        <line num="37" type="stmt" count="1"/>
        <line num="38" type="stmt" count="0"/>
        <line num="39" type="stmt" count="0"/>
        <line num="42" type="stmt" count="1"/>
        <line num="43" type="stmt" count="0"/>
        <line num="46" type="stmt" count="1"/>
        <line num="47" type="stmt" count="1"/>
        <line num="50" type="stmt" count="1"/>
        <line num="52" type="stmt" count="1"/>
        <metrics loc="54" ncloc="40" classes="1" methods="1" coveredmethods="0" conditionals="0" coveredconditionals="0" statements="13" coveredstatements="10" elements="14" coveredelements="10"/>
      </file>
      <file name="/Users/renato/Projetos/VazarDoPais/Tests/TicTacToe/src/Factory/MoveFactory.php">
        <class name="TicTacToe\Factory\MoveFactory" namespace="TicTacToe\Factory" fullPackage="TicTacToe" package="TicTacToe">
          <metrics complexity="16" methods="8" coveredmethods="7" conditionals="0" coveredconditionals="0" statements="40" coveredstatements="34" elements="48" coveredelements="41"/>
        </class>
        <line num="21" type="method" name="createMovesFromBoardState" visibility="public" complexity="2" crap="2" count="2"/>
        <line num="23" type="stmt" count="2"/>
        <line num="24" type="stmt" count="2"/>
        <line num="25" type="method" name="anonymousFunction:25#87" complexity="1" crap="1" count="2"/>
        <line num="26" type="stmt" count="2"/>
        <line num="27" type="stmt" count="2"/>
        <line num="30" type="stmt" count="2"/>
        <line num="40" type="method" name="createMove" visibility="public" complexity="3" crap="3" count="2"/>
        <line num="42" type="stmt" count="2"/>
        <line num="43" type="stmt" count="2"/>
        <line num="44" type="stmt" count="2"/>
        <line num="46" type="stmt" count="2"/>
        <line num="47" type="stmt" count="2"/>
        <line num="50" type="stmt" count="2"/>
        <line num="56" type="method" name="getWinnerMovesCombinations" visibility="public" complexity="2" crap="2" count="1"/>
        <line num="58" type="stmt" count="1"/>
        <line num="59" type="stmt" count="1"/>
        <line num="60" type="stmt" count="1"/>
        <line num="61" type="stmt" count="1"/>
        <line num="62" type="stmt" count="1"/>
        <line num="65" type="stmt" count="1"/>
        <line num="66" type="stmt" count="1"/>
        <line num="67" type="stmt" count="1"/>
        <line num="68" type="stmt" count="1"/>
        <line num="71" type="stmt" count="1"/>
        <line num="72" type="stmt" count="1"/>
        <line num="73" type="stmt" count="1"/>
        <line num="74" type="stmt" count="1"/>
        <line num="75" type="stmt" count="1"/>
        <line num="77" type="stmt" count="1"/>
        <line num="78" type="stmt" count="1"/>
        <line num="79" type="stmt" count="1"/>
        <line num="80" type="stmt" count="1"/>
        <line num="84" type="stmt" count="1"/>
        <line num="92" type="method" name="getFilteredWinnerCombinations" visibility="public" complexity="2" crap="2" count="1"/>
        <line num="94" type="stmt" count="1"/>
        <line num="95" type="method" name="anonymousFunction:95#512" complexity="2" crap="2" count="1"/>
        <line num="96" type="stmt" count="1"/>
        <line num="97" type="stmt" count="1"/>
        <line num="99" type="method" name="anonymousFunction:99#542" complexity="1" crap="1" count="1"/>
        <line num="100" type="stmt" count="1"/>
        <line num="101" type="stmt" count="1"/>
        <line num="103" type="stmt" count="1"/>
        <line num="104" type="stmt" count="1"/>
        <line num="106" type="stmt" count="1"/>
        <line num="108" type="stmt" count="1"/>
        <line num="117" type="method" name="checkWinner" visibility="public" complexity="3" crap="12" count="0"/>
        <line num="119" type="stmt" count="0"/>
        <line num="120" type="stmt" count="0"/>
        <line num="121" type="stmt" count="0"/>
        <line num="122" type="stmt" count="0"/>
        <line num="123" type="stmt" count="0"/>
        <line num="126" type="stmt" count="0"/>
        <metrics loc="128" ncloc="96" classes="1" methods="8" coveredmethods="7" conditionals="0" coveredconditionals="0" statements="45" coveredstatements="39" elements="53" coveredelements="46"/>
      </file>
    </package>
    <package name="TicTacToe">
      <file name="/Users/renato/Projetos/VazarDoPais/Tests/TicTacToe/src/Kernel.php">
        <class name="TicTacToe\Kernel" namespace="TicTacToe">
          <metrics complexity="11" methods="5" coveredmethods="4" conditionals="0" coveredconditionals="0" statements="23" coveredstatements="16" elements="28" coveredelements="20"/>
        </class>
        <line num="17" type="method" name="getCacheDir" visibility="public" complexity="1" crap="1" count="2"/>
        <line num="19" type="stmt" count="2"/>
        <line num="22" type="method" name="getLogDir" visibility="public" complexity="1" crap="1" count="1"/>
        <line num="24" type="stmt" count="1"/>
        <line num="27" type="method" name="registerBundles" visibility="public" complexity="4" crap="4" count="2"/>
        <line num="29" type="stmt" count="2"/>
        <line num="30" type="stmt" count="2"/>
        <line num="31" type="stmt" count="2"/>
        <line num="32" type="stmt" count="2"/>
        <line num="35" type="stmt" count="2"/>
        <line num="37" type="method" name="configureContainer" visibility="protected" complexity="2" crap="2" count="1"/>
        <line num="39" type="stmt" count="1"/>
        <line num="40" type="stmt" count="1"/>
        <line num="41" type="stmt" count="1"/>
        <line num="42" type="stmt" count="1"/>
        <line num="43" type="stmt" count="1"/>
        <line num="44" type="stmt" count="1"/>
        <line num="46" type="stmt" count="1"/>
        <line num="47" type="stmt" count="1"/>
        <line num="48" type="stmt" count="1"/>
        <line num="50" type="method" name="configureRoutes" visibility="protected" complexity="3" crap="12" count="0"/>
        <line num="52" type="stmt" count="0"/>
        <line num="53" type="stmt" count="0"/>
        <line num="54" type="stmt" count="0"/>
        <line num="56" type="stmt" count="0"/>
        <line num="57" type="stmt" count="0"/>
        <line num="59" type="stmt" count="0"/>
        <line num="60" type="stmt" count="0"/>
        <metrics loc="61" ncloc="61" classes="1" methods="5" coveredmethods="4" conditionals="0" coveredconditionals="0" statements="23" coveredstatements="16" elements="28" coveredelements="20"/>
      </file>
    </package>
    <package name="TicTacToe\Service">
      <file name="/Users/renato/Projetos/VazarDoPais/Tests/TicTacToe/src/Service/GameService.php">
        <class name="TicTacToe\Service\GameService" namespace="TicTacToe\Service" fullPackage="TicTacToe" package="TicTacToe">
          <metrics complexity="80" methods="23" coveredmethods="11" conditionals="0" coveredconditionals="0" statements="82" coveredstatements="59" elements="105" coveredelements="70"/>
        </class>
        <line num="55" type="method" name="__construct" visibility="public" complexity="1" crap="1" count="1"/>
        <line num="60" type="stmt" count="1"/>
        <line num="61" type="stmt" count="1"/>
        <line num="62" type="stmt" count="1"/>
        <line num="63" type="stmt" count="1"/>
        <line num="68" type="method" name="setWinnerUnit" visibility="public" complexity="2" crap="6" count="0"/>
        <line num="70" type="stmt" count="0"/>
        <line num="71" type="stmt" count="0"/>
        <line num="76" type="method" name="setWinnerMoves" visibility="public" complexity="1" crap="2" count="0"/>
        <line num="78" type="stmt" count="0"/>
        <line num="79" type="stmt" count="0"/>
        <line num="84" type="method" name="getWinnerUnit" visibility="public" complexity="2" crap="6" count="0"/>
        <line num="86" type="stmt" count="0"/>
        <line num="92" type="method" name="getWinnerMoves" visibility="public" complexity="1" crap="2" count="0"/>
        <line num="94" type="stmt" count="0"/>
        <line num="100" type="method" name="getWinner" visibility="public" complexity="1" crap="2" count="0"/>
        <line num="102" type="stmt" count="0"/>
        <line num="110" type="method" name="createGame" visibility="public" complexity="1" crap="1" count="1"/>
        <line num="112" type="stmt" count="1"/>
        <line num="113" type="stmt" count="1"/>
        <line num="114" type="stmt" count="1"/>
        <line num="120" type="method" name="makeMove" visibility="public" complexity="2" crap="2" count="1"/>
        <line num="122" type="stmt" count="1"/>
        <line num="123" type="stmt" count="1"/>
        <line num="124" type="stmt" count="1"/>
        <line num="125" type="stmt" count="1"/>
        <line num="126" type="stmt" count="1"/>
        <line num="128" type="stmt" count="1"/>
        <line num="136" type="method" name="checkGameWinner" visibility="public" complexity="3" crap="12" count="0"/>
        <line num="138" type="stmt" count="0"/>
        <line num="139" type="stmt" count="0"/>
        <line num="140" type="stmt" count="0"/>
        <line num="143" type="stmt" count="0"/>
        <line num="153" type="method" name="getNextMove" visibility="protected" complexity="7" crap="7.14" count="1"/>
        <line num="156" type="stmt" count="1"/>
        <line num="157" type="stmt" count="1"/>
        <line num="158" type="stmt" count="1"/>
        <line num="160" type="stmt" count="1"/>
        <line num="161" type="stmt" count="1"/>
        <line num="164" type="stmt" count="1"/>
        <line num="165" type="stmt" count="0"/>
        <line num="168" type="method" name="anonymousFunction:168#760" complexity="3" crap="3" count="1"/>
        <line num="169" type="stmt" count="1"/>
        <line num="170" type="stmt" count="1"/>
        <line num="171" type="stmt" count="1"/>
        <line num="173" type="stmt" count="1"/>
        <line num="174" type="stmt" count="1"/>
        <line num="175" type="stmt" count="0"/>
        <line num="176" type="stmt" count="0"/>
        <line num="179" type="stmt" count="1"/>
        <line num="190" type="method" name="anonymousFunction:190#908" complexity="4" crap="6.00" count="1"/>
        <line num="191" type="stmt" count="1"/>
        <line num="192" type="stmt" count="1"/>
        <line num="193" type="stmt" count="0"/>
        <line num="194" type="stmt" count="0"/>
        <line num="195" type="stmt" count="0"/>
        <line num="198" type="stmt" count="1"/>
        <line num="200" type="stmt" count="1"/>
        <line num="209" type="method" name="getNextMovesByUnit" visibility="protected" complexity="2" crap="2.03" count="1"/>
        <line num="211" type="stmt" count="1"/>
        <line num="212" type="stmt" count="1"/>
        <line num="213" type="stmt" count="1"/>
        <line num="214" type="stmt" count="0"/>
        <line num="217" type="stmt" count="1"/>
        <line num="232" type="method" name="anonymousFunction:232#1131" complexity="8" crap="8" count="1"/>
        <line num="233" type="stmt" count="1"/>
        <line num="234" type="stmt" count="1"/>
        <line num="235" type="stmt" count="1"/>
        <line num="236" type="stmt" count="1"/>
        <line num="237" type="stmt" count="1"/>
        <line num="239" type="stmt" count="1"/>
        <line num="240" type="stmt" count="1"/>
        <line num="243" type="stmt" count="1"/>
        <line num="244" type="method" name="anonymousFunction:244#1262" complexity="2" crap="2" count="1"/>
        <line num="245" type="stmt" count="1"/>
        <line num="246" type="stmt" count="1"/>
        <line num="248" type="stmt" count="1"/>
        <line num="249" type="stmt" count="1"/>
        <line num="250" type="stmt" count="1"/>
        <line num="254" type="stmt" count="1"/>
        <line num="260" type="method" name="getStaterMove" visibility="protected" complexity="4" crap="20" count="0"/>
        <line num="262" type="stmt" count="0"/>
        <line num="263" type="method" name="anonymousFunction:263#1389" complexity="4" crap="20" count="0"/>
        <line num="264" type="stmt" count="0"/>
        <line num="265" type="stmt" count="0"/>
        <line num="267" type="stmt" count="0"/>
        <line num="268" type="stmt" count="0"/>
        <line num="276" type="method" name="getUnitCombinations" visibility="protected" complexity="4" crap="4" count="1"/>
        <line num="278" type="stmt" count="1"/>
        <line num="279" type="stmt" count="1"/>
        <line num="280" type="method" name="anonymousFunction:280#1512" complexity="4" crap="4" count="1"/>
        <line num="284" type="stmt" count="1"/>
        <line num="285" type="stmt" count="1"/>
        <line num="286" type="stmt" count="1"/>
        <line num="288" type="stmt" count="1"/>
        <line num="289" type="stmt" count="1"/>
        <line num="290" type="stmt" count="1"/>
        <line num="291" type="stmt" count="1"/>
        <line num="295" type="stmt" count="1"/>
        <line num="297" type="stmt" count="1"/>
        <line num="305" type="method" name="sortPossibleCombinations" visibility="protected" complexity="3" crap="3" count="1"/>
        <line num="307" type="stmt" count="1"/>
        <line num="308" type="method" name="anonymousFunction:308#1654" complexity="3" crap="6.80" count="1"/>
        <line num="309" type="stmt" count="0"/>
        <line num="310" type="stmt" count="0"/>
        <line num="312" type="stmt" count="0"/>
        <line num="313" type="stmt" count="1"/>
        <line num="315" type="stmt" count="1"/>
        <line num="324" type="method" name="unitHasMove" visibility="protected" complexity="3" crap="3" count="1"/>
        <line num="326" type="stmt" count="1"/>
        <line num="327" type="method" name="anonymousFunction:327#1788" complexity="3" crap="3" count="1"/>
        <line num="328" type="stmt" count="1"/>
        <line num="329" type="stmt" count="1"/>
        <line num="331" type="stmt" count="1"/>
        <line num="332" type="stmt" count="1"/>
        <metrics loc="334" ncloc="233" classes="1" methods="23" coveredmethods="11" conditionals="0" coveredconditionals="0" statements="92" coveredstatements="66" elements="115" coveredelements="77"/>
      </file>
    </package>
    <file name="/Users/renato/Projetos/VazarDoPais/Tests/TicTacToe/src/Service/MoveInterface.php">
      <metrics loc="31" ncloc="8" classes="0" methods="0" coveredmethods="0" conditionals="0" coveredconditionals="0" statements="0" coveredstatements="0" elements="0" coveredelements="0"/>
    </file>
    <package name="TicTacToe\Util">
      <file name="/Users/renato/Projetos/VazarDoPais/Tests/TicTacToe/src/Util/GameUnit.php">
        <class name="TicTacToe\Util\GameUnit" namespace="TicTacToe\Util" fullPackage="TicTacToe" package="TicTacToe">
          <metrics complexity="2" methods="1" coveredmethods="1" conditionals="0" coveredconditionals="0" statements="1" coveredstatements="1" elements="2" coveredelements="2"/>
        </class>
        <line num="28" type="method" name="getInverseUnit" visibility="public" complexity="2" crap="2" count="1"/>
        <line num="30" type="stmt" count="1"/>
        <metrics loc="32" ncloc="15" classes="1" methods="1" coveredmethods="1" conditionals="0" coveredconditionals="0" statements="1" coveredstatements="1" elements="2" coveredelements="2"/>
      </file>
    </package>
    <package name="TicTacToe\Util\Validator">
      <file name="/Users/renato/Projetos/VazarDoPais/Tests/TicTacToe/src/Util/Validator/ApiRequestValidator.php">
        <class name="TicTacToe\Util\Validator\ApiRequestValidator" namespace="TicTacToe\Util\Validator" fullPackage="TicTacToe" package="TicTacToe">
          <metrics complexity="13" methods="4" coveredmethods="2" conditionals="0" coveredconditionals="0" statements="17" coveredstatements="14" elements="21" coveredelements="16"/>
        </class>
        <line num="20" type="method" name="isValid" visibility="public" complexity="3" crap="3" count="2"/>
        <line num="22" type="stmt" count="2"/>
        <line num="25" type="stmt" count="2"/>
        <line num="26" type="stmt" count="2"/>
        <line num="27" type="stmt" count="2"/>
        <line num="36" type="method" name="isValidRequestBodyContent" visibility="public" complexity="3" crap="3.58" count="2"/>
        <line num="38" type="stmt" count="2"/>
        <line num="39" type="stmt" count="0"/>
        <line num="42" type="stmt" count="2"/>
        <line num="43" type="stmt" count="0"/>
        <line num="46" type="stmt" count="2"/>
        <line num="54" type="method" name="hasValidBoardState" visibility="public" complexity="5" crap="5.07" count="2"/>
        <line num="56" type="stmt" count="2"/>
        <line num="58" type="stmt" count="2"/>
        <line num="59" type="stmt" count="0"/>
        <line num="62" type="stmt" count="2"/>
        <line num="63" type="stmt" count="2"/>
        <line num="64" type="stmt" count="2"/>
        <line num="68" type="stmt" count="2"/>
        <line num="76" type="method" name="hasValidPlayerUnit" visibility="public" complexity="2" crap="2" count="1"/>
        <line num="78" type="stmt" count="1"/>
        <metrics loc="80" ncloc="54" classes="1" methods="4" coveredmethods="2" conditionals="0" coveredconditionals="0" statements="17" coveredstatements="14" elements="21" coveredelements="16"/>
      </file>
    </package>
    <metrics files="17" loc="1333" ncloc="882" classes="15" methods="77" coveredmethods="48" conditionals="0" coveredconditionals="0" statements="275" coveredstatements="206" elements="352" coveredelements="254"/>
  </project>
</coverage>
