<?xml version="1.0" encoding="UTF-8"?>
<coverage generated="1517107762">
  <project timestamp="1517107762">
    <package name="TicTacToe\Controller">
      <file name="/Users/renato/Projetos/VazarDoPais/Tests/TicTacToe/src/Controller/ApiController.php">
        <class name="TicTacToe\Controller\ApiController" namespace="TicTacToe\Controller" fullPackage="TicTacToe" package="TicTacToe">
          <metrics complexity="2" methods="1" coveredmethods="1" conditionals="0" coveredconditionals="0" statements="4" coveredstatements="4" elements="5" coveredelements="5"/>
        </class>
        <line num="31" type="method" name="moveAction" visibility="public" complexity="2" crap="2" count="2"/>
        <line num="33" type="stmt" count="2"/>
        <line num="34" type="stmt" count="1"/>
        <line num="37" type="stmt" count="1"/>
        <line num="39" type="stmt" count="1"/>
        <metrics loc="41" ncloc="25" classes="1" methods="1" coveredmethods="1" conditionals="0" coveredconditionals="0" statements="4" coveredstatements="4" elements="5" coveredelements="5"/>
      </file>
    </package>
    <package name="TicTacToe\Entity">
      <file name="/Users/renato/Projetos/VazarDoPais/Tests/TicTacToe/src/Entity/Board.php">
        <class name="TicTacToe\Entity\Board" namespace="TicTacToe\Entity" fullPackage="TicTacToe" package="TicTacToe">
          <metrics complexity="7" methods="5" coveredmethods="4" conditionals="0" coveredconditionals="0" statements="9" coveredstatements="7" elements="14" coveredelements="11"/>
        </class>
        <line num="30" type="method" name="__construct" visibility="public" complexity="3" crap="3" count="6"/>
        <line num="32" type="stmt" count="6"/>
        <line num="33" type="stmt" count="6"/>
        <line num="36" type="stmt" count="6"/>
        <line num="42" type="method" name="getMoves" visibility="public" complexity="1" crap="1" count="6"/>
        <line num="44" type="stmt" count="6"/>
        <line num="52" type="method" name="addMove" visibility="public" complexity="1" crap="2" count="0"/>
        <line num="54" type="stmt" count="0"/>
        <line num="55" type="stmt" count="0"/>
        <line num="61" type="method" name="setCompleted" visibility="public" complexity="1" crap="1" count="4"/>
        <line num="63" type="stmt" count="4"/>
        <line num="64" type="stmt" count="4"/>
        <line num="70" type="method" name="isCompleted" visibility="public" complexity="1" crap="1" count="5"/>
        <line num="72" type="stmt" count="5"/>
        <metrics loc="74" ncloc="43" classes="1" methods="5" coveredmethods="4" conditionals="0" coveredconditionals="0" statements="9" coveredstatements="7" elements="14" coveredelements="11"/>
      </file>
      <file name="/Users/renato/Projetos/VazarDoPais/Tests/TicTacToe/src/Entity/Game.php">
        <class name="TicTacToe\Entity\Game" namespace="TicTacToe\Entity" fullPackage="TicTacToe" package="TicTacToe">
          <metrics complexity="14" methods="14" coveredmethods="14" conditionals="0" coveredconditionals="0" statements="21" coveredstatements="21" elements="35" coveredelements="35"/>
        </class>
        <line num="51" type="method" name="getBotUnit" visibility="public" complexity="1" crap="1" count="2"/>
        <line num="53" type="stmt" count="2"/>
        <line num="61" type="method" name="setBotUnit" visibility="public" complexity="1" crap="1" count="5"/>
        <line num="63" type="stmt" count="5"/>
        <line num="64" type="stmt" count="5"/>
        <line num="70" type="method" name="getPlayerUnit" visibility="public" complexity="1" crap="1" count="1"/>
        <line num="72" type="stmt" count="1"/>
        <line num="80" type="method" name="setPlayerUnit" visibility="public" complexity="1" crap="1" count="5"/>
        <line num="82" type="stmt" count="5"/>
        <line num="83" type="stmt" count="5"/>
        <line num="89" type="method" name="isTied" visibility="public" complexity="1" crap="1" count="4"/>
        <line num="91" type="stmt" count="4"/>
        <line num="97" type="method" name="setTied" visibility="public" complexity="1" crap="1" count="2"/>
        <line num="99" type="stmt" count="2"/>
        <line num="100" type="stmt" count="2"/>
        <line num="106" type="method" name="isBotWinner" visibility="public" complexity="1" crap="1" count="4"/>
        <line num="108" type="stmt" count="4"/>
        <line num="114" type="method" name="setBotWinner" visibility="public" complexity="1" crap="1" count="1"/>
        <line num="116" type="stmt" count="1"/>
        <line num="117" type="stmt" count="1"/>
        <line num="123" type="method" name="isPlayerWinner" visibility="public" complexity="1" crap="1" count="4"/>
        <line num="125" type="stmt" count="4"/>
        <line num="131" type="method" name="setPlayerWinner" visibility="public" complexity="1" crap="1" count="1"/>
        <line num="133" type="stmt" count="1"/>
        <line num="134" type="stmt" count="1"/>
        <line num="140" type="method" name="getBoardState" visibility="public" complexity="1" crap="1" count="1"/>
        <line num="142" type="stmt" count="1"/>
        <line num="150" type="method" name="setBoardState" visibility="public" complexity="1" crap="1" count="5"/>
        <line num="152" type="stmt" count="5"/>
        <line num="153" type="stmt" count="5"/>
        <line num="159" type="method" name="getNextMove" visibility="public" complexity="1" crap="1" count="1"/>
        <line num="161" type="stmt" count="1"/>
        <line num="169" type="method" name="setNextMove" visibility="public" complexity="1" crap="1" count="1"/>
        <line num="171" type="stmt" count="1"/>
        <line num="172" type="stmt" count="1"/>
        <metrics loc="174" ncloc="97" classes="1" methods="14" coveredmethods="14" conditionals="0" coveredconditionals="0" statements="21" coveredstatements="21" elements="35" coveredelements="35"/>
      </file>
      <file name="/Users/renato/Projetos/VazarDoPais/Tests/TicTacToe/src/Entity/Move.php">
        <class name="TicTacToe\Entity\Move" namespace="TicTacToe\Entity" fullPackage="TicTacToe" package="TicTacToe">
          <metrics complexity="6" methods="6" coveredmethods="6" conditionals="0" coveredconditionals="0" statements="9" coveredstatements="9" elements="15" coveredelements="15"/>
        </class>
        <line num="31" type="method" name="getCoordY" visibility="public" complexity="1" crap="1" count="1"/>
        <line num="33" type="stmt" count="1"/>
        <line num="39" type="method" name="setCoordY" visibility="public" complexity="1" crap="1" count="2"/>
        <line num="41" type="stmt" count="2"/>
        <line num="42" type="stmt" count="2"/>
        <line num="47" type="method" name="getCoordX" visibility="public" complexity="1" crap="1" count="1"/>
        <line num="49" type="stmt" count="1"/>
        <line num="55" type="method" name="setCoordX" visibility="public" complexity="1" crap="1" count="2"/>
        <line num="57" type="stmt" count="2"/>
        <line num="58" type="stmt" count="2"/>
        <line num="63" type="method" name="getUnit" visibility="public" complexity="1" crap="1" count="6"/>
        <line num="65" type="stmt" count="6"/>
        <line num="71" type="method" name="setUnit" visibility="public" complexity="1" crap="1" count="2"/>
        <line num="73" type="stmt" count="2"/>
        <line num="74" type="stmt" count="2"/>
        <metrics loc="75" ncloc="42" classes="1" methods="6" coveredmethods="6" conditionals="0" coveredconditionals="0" statements="9" coveredstatements="9" elements="15" coveredelements="15"/>
      </file>
    </package>
    <package name="TicTacToe\EventListener">
      <file name="/Users/renato/Projetos/VazarDoPais/Tests/TicTacToe/src/EventListener/ExceptionSubscriber.php">
        <class name="TicTacToe\EventListener\ExceptionSubscriber" namespace="TicTacToe\EventListener" fullPackage="TicTacToe" package="TicTacToe">
          <metrics complexity="2" methods="2" coveredmethods="1" conditionals="0" coveredconditionals="0" statements="6" coveredstatements="5" elements="8" coveredelements="6"/>
        </class>
        <line num="21" type="method" name="onKernelException" visibility="public" complexity="1" crap="1" count="1"/>
        <line num="23" type="stmt" count="1"/>
        <line num="26" type="stmt" count="1"/>
        <line num="29" type="stmt" count="1"/>
        <line num="30" type="stmt" count="1"/>
        <line num="31" type="stmt" count="1"/>
        <line num="33" type="method" name="getSubscribedEvents" visibility="public" complexity="1" crap="2" count="0"/>
        <line num="36" type="stmt" count="0"/>
        <metrics loc="39" ncloc="30" classes="1" methods="2" coveredmethods="1" conditionals="0" coveredconditionals="0" statements="6" coveredstatements="5" elements="8" coveredelements="6"/>
      </file>
    </package>
    <package name="TicTacToe\Exception">
      <file name="/Users/renato/Projetos/VazarDoPais/Tests/TicTacToe/src/Exception/InvalidRequestException.php">
        <class name="TicTacToe\Exception\InvalidRequestException" namespace="TicTacToe\Exception" fullPackage="TicTacToe" package="TicTacToe">
          <metrics complexity="1" methods="1" coveredmethods="1" conditionals="0" coveredconditionals="0" statements="2" coveredstatements="2" elements="3" coveredelements="3"/>
        </class>
        <line num="20" type="method" name="__construct" visibility="public" complexity="1" crap="1" count="1"/>
        <line num="22" type="stmt" count="1"/>
        <line num="23" type="stmt" count="1"/>
        <metrics loc="24" ncloc="13" classes="1" methods="1" coveredmethods="1" conditionals="0" coveredconditionals="0" statements="2" coveredstatements="2" elements="3" coveredelements="3"/>
      </file>
    </package>
    <package name="TicTacToe\Factory">
      <file name="/Users/renato/Projetos/VazarDoPais/Tests/TicTacToe/src/Factory/BoardFactory.php">
        <class name="TicTacToe\Factory\BoardFactory" namespace="TicTacToe\Factory" fullPackage="TicTacToe" package="TicTacToe">
          <metrics complexity="6" methods="2" coveredmethods="2" conditionals="0" coveredconditionals="0" statements="10" coveredstatements="10" elements="12" coveredelements="12"/>
        </class>
        <line num="21" type="method" name="createBoard" visibility="public" complexity="2" crap="2" count="6"/>
        <line num="23" type="stmt" count="6"/>
        <line num="28" type="stmt" count="6"/>
        <line num="30" type="stmt" count="6"/>
        <line num="31" type="stmt" count="4"/>
        <line num="34" type="stmt" count="6"/>
        <line num="42" type="method" name="getAllEmptyMovesFromBoard" visibility="public" complexity="4" crap="4" count="6"/>
        <line num="47" type="stmt" count="6"/>
        <line num="49" type="stmt" count="6"/>
        <line num="50" type="stmt" count="6"/>
        <line num="51" type="stmt" count="6"/>
        <line num="55" type="stmt" count="6"/>
        <metrics loc="57" ncloc="35" classes="1" methods="2" coveredmethods="2" conditionals="0" coveredconditionals="0" statements="10" coveredstatements="10" elements="12" coveredelements="12"/>
      </file>
      <file name="/Users/renato/Projetos/VazarDoPais/Tests/TicTacToe/src/Factory/GameFactory.php">
        <class name="TicTacToe\Factory\GameFactory" namespace="TicTacToe\Factory" fullPackage="TicTacToe" package="TicTacToe">
          <metrics complexity="8" methods="1" coveredmethods="1" conditionals="0" coveredconditionals="0" statements="10" coveredstatements="10" elements="11" coveredelements="11"/>
        </class>
        <line num="24" type="method" name="createGame" visibility="public" complexity="8" crap="8" count="5"/>
        <line num="29" type="stmt" count="5"/>
        <line num="30" type="stmt" count="5"/>
        <line num="31" type="stmt" count="5"/>
        <line num="33" type="stmt" count="5"/>
        <line num="34" type="stmt" count="2"/>
        <line num="37" type="stmt" count="5"/>
        <line num="38" type="stmt" count="2"/>
        <line num="41" type="stmt" count="5"/>
        <line num="42" type="stmt" count="5"/>
        <line num="45" type="stmt" count="5"/>
        <metrics loc="47" ncloc="34" classes="1" methods="1" coveredmethods="1" conditionals="0" coveredconditionals="0" statements="10" coveredstatements="10" elements="11" coveredelements="11"/>
      </file>
      <file name="/Users/renato/Projetos/VazarDoPais/Tests/TicTacToe/src/Factory/MoveFactory.php">
        <class name="TicTacToe\Factory\MoveFactory" namespace="TicTacToe\Factory" fullPackage="TicTacToe" package="TicTacToe">
          <metrics complexity="4" methods="3" coveredmethods="3" conditionals="0" coveredconditionals="0" statements="9" coveredstatements="9" elements="12" coveredelements="12"/>
        </class>
        <line num="21" type="method" name="createMovesFromBoardState" visibility="public" complexity="2" crap="2" count="2"/>
        <line num="23" type="stmt" count="2"/>
        <line num="24" type="stmt" count="2"/>
        <line num="25" type="method" name="anonymousFunction:25#87" complexity="1" crap="1" count="2"/>
        <line num="26" type="stmt" count="2"/>
        <line num="27" type="stmt" count="2"/>
        <line num="30" type="stmt" count="2"/>
        <line num="40" type="method" name="createMove" visibility="public" complexity="1" crap="1" count="2"/>
        <line num="42" type="stmt" count="2"/>
        <line num="43" type="stmt" count="2"/>
        <line num="44" type="stmt" count="2"/>
        <line num="45" type="stmt" count="2"/>
        <line num="46" type="stmt" count="2"/>
        <metrics loc="48" ncloc="30" classes="1" methods="3" coveredmethods="3" conditionals="0" coveredconditionals="0" statements="10" coveredstatements="10" elements="13" coveredelements="13"/>
      </file>
    </package>
    <package name="TicTacToe">
      <file name="/Users/renato/Projetos/VazarDoPais/Tests/TicTacToe/src/Kernel.php">
        <class name="TicTacToe\Kernel" namespace="TicTacToe">
          <metrics complexity="11" methods="5" coveredmethods="2" conditionals="0" coveredconditionals="0" statements="32" coveredstatements="6" elements="37" coveredelements="8"/>
        </class>
        <line num="19" type="method" name="getCacheDir" visibility="public" complexity="1" crap="1" count="2"/>
        <line num="21" type="stmt" count="2"/>
        <line num="24" type="method" name="getLogDir" visibility="public" complexity="1" crap="2" count="0"/>
        <line num="26" type="stmt" count="0"/>
        <line num="29" type="method" name="registerBundles" visibility="public" complexity="4" crap="4" count="2"/>
        <line num="31" type="stmt" count="2"/>
        <line num="32" type="stmt" count="2"/>
        <line num="33" type="stmt" count="2"/>
        <line num="34" type="stmt" count="2"/>
        <line num="37" type="stmt" count="2"/>
        <line num="39" type="method" name="configureContainer" visibility="protected" complexity="2" crap="6" count="0"/>
        <line num="41" type="stmt" count="0"/>
        <line num="42" type="stmt" count="0"/>
        <line num="43" type="stmt" count="0"/>
        <line num="44" type="stmt" count="0"/>
        <line num="45" type="stmt" count="0"/>
        <line num="46" type="stmt" count="0"/>
        <line num="48" type="stmt" count="0"/>
        <line num="49" type="stmt" count="0"/>
        <line num="50" type="stmt" count="0"/>
        <line num="52" type="method" name="configureRoutes" visibility="protected" complexity="3" crap="12" count="0"/>
        <line num="54" type="stmt" count="0"/>
        <line num="55" type="stmt" count="0"/>
        <line num="56" type="stmt" count="0"/>
        <line num="57" type="stmt" count="0"/>
        <line num="58" type="stmt" count="0"/>
        <line num="59" type="stmt" count="0"/>
        <line num="62" type="stmt" count="0"/>
        <line num="63" type="stmt" count="0"/>
        <line num="64" type="stmt" count="0"/>
        <line num="65" type="stmt" count="0"/>
        <line num="66" type="stmt" count="0"/>
        <line num="69" type="stmt" count="0"/>
        <line num="70" type="stmt" count="0"/>
        <line num="71" type="stmt" count="0"/>
        <line num="72" type="stmt" count="0"/>
        <line num="74" type="stmt" count="0"/>
        <metrics loc="75" ncloc="75" classes="1" methods="5" coveredmethods="2" conditionals="0" coveredconditionals="0" statements="32" coveredstatements="6" elements="37" coveredelements="8"/>
      </file>
    </package>
    <package name="TicTacToe\Service">
      <file name="/Users/renato/Projetos/VazarDoPais/Tests/TicTacToe/src/Service/GameService.php">
        <class name="TicTacToe\Service\GameService" namespace="TicTacToe\Service" fullPackage="TicTacToe" package="TicTacToe">
          <metrics complexity="5" methods="4" coveredmethods="3" conditionals="0" coveredconditionals="0" statements="15" coveredstatements="14" elements="19" coveredelements="17"/>
        </class>
        <line num="35" type="method" name="__construct" visibility="public" complexity="1" crap="1" count="1"/>
        <line num="37" type="stmt" count="1"/>
        <line num="38" type="stmt" count="1"/>
        <line num="43" type="method" name="makeMove" visibility="public" complexity="2" crap="2" count="1"/>
        <line num="45" type="stmt" count="1"/>
        <line num="47" type="stmt" count="1"/>
        <line num="48" type="stmt" count="1"/>
        <line num="50" type="stmt" count="1"/>
        <line num="52" type="stmt" count="1"/>
        <line num="53" type="stmt" count="1"/>
        <line num="55" type="stmt" count="1"/>
        <line num="63" type="method" name="createGame" visibility="public" complexity="1" crap="1" count="1"/>
        <line num="65" type="stmt" count="1"/>
        <line num="66" type="stmt" count="1"/>
        <line num="68" type="stmt" count="1"/>
        <line num="69" type="stmt" count="1"/>
        <line num="70" type="stmt" count="1"/>
        <line num="78" type="method" name="predictNextMove" visibility="protected" complexity="1" crap="2" count="0"/>
        <line num="80" type="stmt" count="0"/>
        <metrics loc="82" ncloc="52" classes="1" methods="4" coveredmethods="3" conditionals="0" coveredconditionals="0" statements="15" coveredstatements="14" elements="19" coveredelements="17"/>
      </file>
    </package>
    <file name="/Users/renato/Projetos/VazarDoPais/Tests/TicTacToe/src/Service/MoveInterface.php">
      <metrics loc="31" ncloc="8" classes="0" methods="0" coveredmethods="0" conditionals="0" coveredconditionals="0" statements="0" coveredstatements="0" elements="0" coveredelements="0"/>
    </file>
    <package name="TicTacToe\Util">
      <file name="/Users/renato/Projetos/VazarDoPais/Tests/TicTacToe/src/Util/GameUnit.php">
        <class name="TicTacToe\Util\GameUnit" namespace="TicTacToe\Util" fullPackage="TicTacToe" package="TicTacToe">
          <metrics complexity="2" methods="1" coveredmethods="1" conditionals="0" coveredconditionals="0" statements="1" coveredstatements="1" elements="2" coveredelements="2"/>
        </class>
        <line num="28" type="method" name="getInverseUnit" visibility="public" complexity="2" crap="2" count="5"/>
        <line num="30" type="stmt" count="5"/>
        <metrics loc="32" ncloc="15" classes="1" methods="1" coveredmethods="1" conditionals="0" coveredconditionals="0" statements="1" coveredstatements="1" elements="2" coveredelements="2"/>
      </file>
    </package>
    <package name="TicTacToe\Util\Validator">
      <file name="/Users/renato/Projetos/VazarDoPais/Tests/TicTacToe/src/Util/Validator/ApiRequestValidator.php">
        <class name="TicTacToe\Util\Validator\ApiRequestValidator" namespace="TicTacToe\Util\Validator" fullPackage="TicTacToe" package="TicTacToe">
          <metrics complexity="13" methods="4" coveredmethods="2" conditionals="0" coveredconditionals="0" statements="17" coveredstatements="14" elements="21" coveredelements="16"/>
        </class>
        <line num="20" type="method" name="isValid" visibility="public" complexity="3" crap="3" count="2"/>
        <line num="22" type="stmt" count="2"/>
        <line num="25" type="stmt" count="2"/>
        <line num="26" type="stmt" count="2"/>
        <line num="27" type="stmt" count="2"/>
        <line num="36" type="method" name="isValidRequestBodyContent" visibility="public" complexity="3" crap="3.58" count="2"/>
        <line num="38" type="stmt" count="2"/>
        <line num="39" type="stmt" count="0"/>
        <line num="42" type="stmt" count="2"/>
        <line num="43" type="stmt" count="0"/>
        <line num="46" type="stmt" count="2"/>
        <line num="54" type="method" name="hasValidBoardState" visibility="public" complexity="5" crap="5.07" count="2"/>
        <line num="56" type="stmt" count="2"/>
        <line num="58" type="stmt" count="2"/>
        <line num="59" type="stmt" count="0"/>
        <line num="62" type="stmt" count="2"/>
        <line num="63" type="stmt" count="2"/>
        <line num="64" type="stmt" count="2"/>
        <line num="68" type="stmt" count="2"/>
        <line num="76" type="method" name="hasValidPlayerUnit" visibility="public" complexity="2" crap="2" count="1"/>
        <line num="78" type="stmt" count="1"/>
        <metrics loc="80" ncloc="54" classes="1" methods="4" coveredmethods="2" conditionals="0" coveredconditionals="0" statements="17" coveredstatements="14" elements="21" coveredelements="16"/>
      </file>
      <file name="/Users/renato/Projetos/VazarDoPais/Tests/TicTacToe/src/Util/Validator/MoveValidator.php">
        <class name="TicTacToe\Util\Validator\MoveValidator" namespace="TicTacToe\Util\Validator" fullPackage="TicTacToe" package="TicTacToe">
          <metrics complexity="1" methods="1" coveredmethods="0" conditionals="0" coveredconditionals="0" statements="3" coveredstatements="0" elements="4" coveredelements="0"/>
        </class>
        <line num="16" type="method" name="isValidMove" visibility="public" complexity="1" crap="2" count="0"/>
        <line num="17" type="stmt" count="0"/>
        <line num="18" type="stmt" count="0"/>
        <line num="19" type="stmt" count="0"/>
        <metrics loc="20" ncloc="11" classes="1" methods="1" coveredmethods="0" conditionals="0" coveredconditionals="0" statements="3" coveredstatements="0" elements="4" coveredelements="0"/>
      </file>
    </package>
    <metrics files="15" loc="899" ncloc="564" classes="14" methods="50" coveredmethods="41" conditionals="0" coveredconditionals="0" statements="149" coveredstatements="113" elements="199" coveredelements="154"/>
  </project>
</coverage>
